<?xml version="1.0" encoding="UTF-8"?>
<!-- Generated by org.testng.reporters.JUnitXMLReporter -->
<testsuite hostname="KunalMalik" ignored="0" name="test1_Run1" tests="3" failures="0" timestamp="18 Jan 2018 18:06:08 GMT" time="59.394" errors="0">
  <testcase name="loginPageTitleTest" time="0.287" classname="testcases.LoginPageTest"/>
  <testcase name="loginTest" time="11.122" classname="testcases.LoginPageTest"/>
  <testcase name="sign" time="2.919" classname="testcases.LoginPageTest"/>
</testsuite> <!-- test1_Run1 -->
