<?xml version="1.0" encoding="UTF-8"?>
<!-- Generated by org.testng.reporters.JUnitXMLReporter -->
<testsuite hostname="KunalMalik" ignored="0" name="test2_Run1" tests="4" failures="0" timestamp="18 Mar 2018 02:23:39 GMT" time="77.386" errors="0">
  <testcase name="homePageTitleTest" time="0.018" classname="testcases.HomePageTest"/>
  <testcase name="verifyUserNameTest" time="0.342" classname="testcases.HomePageTest"/>
  <testcase name="verifyContactsLinkTest" time="2.372" classname="testcases.HomePageTest"/>
  <testcase name="demoTestSkip" time="0.002" classname="testcases.HomePageTest">
    <skipped/>
  </testcase> <!-- demoTestSkip -->
</testsuite> <!-- test2_Run1 -->
