<?xml version="1.0" encoding="UTF-8"?>
<!-- Generated by org.testng.reporters.JUnitXMLReporter -->
<testsuite hostname="KunalMalik" ignored="0" name="test1_Run1" tests="3" failures="0" timestamp="18 Mar 2018 02:22:21 GMT" time="50.682" errors="0">
  <testcase name="loginPageTitleTest" time="0.051" classname="testcases.LoginPageTest"/>
  <testcase name="loginTest" time="12.918" classname="testcases.LoginPageTest"/>
  <testcase name="sign" time="2.161" classname="testcases.LoginPageTest"/>
</testsuite> <!-- test1_Run1 -->
